0 info it worked if it ends with ok
1 verbose cli [ '/home/trumde2/.nvm/versions/node/v6.9.1/bin/node',
1 verbose cli   '/home/trumde2/.nvm/versions/node/v6.9.1/bin/npm',
1 verbose cli   'run',
1 verbose cli   'cypress:open' ]
2 info using npm@3.10.8
3 info using node@v6.9.1
4 verbose run-script [ 'precypress:open', 'cypress:open', 'postcypress:open' ]
5 info lifecycle cypress@1.0.0~precypress:open: cypress@1.0.0
6 silly lifecycle cypress@1.0.0~precypress:open: no script for precypress:open, continuing
7 info lifecycle cypress@1.0.0~cypress:open: cypress@1.0.0
8 verbose lifecycle cypress@1.0.0~cypress:open: unsafe-perm in lifecycle true
9 verbose lifecycle cypress@1.0.0~cypress:open: PATH: /home/trumde2/.nvm/versions/node/v6.9.1/lib/node_modules/npm/bin/node-gyp-bin:/home/trumde2/git/cypress/node_modules/.bin:/home/trumde2/.nvm/versions/node/v6.9.1/bin:/home/trumde2/bin:/home/trumde2/.local/bin:/usr/local/sbin:/usr/local/bin:/usr/sbin:/usr/bin:/sbin:/bin:/usr/games:/usr/local/games:/snap/bin
10 verbose lifecycle cypress@1.0.0~cypress:open: CWD: /home/trumde2/git/cypress
11 silly lifecycle cypress@1.0.0~cypress:open: Args: [ '-c', 'cypress open' ]
12 info lifecycle cypress@1.0.0~cypress:open: Failed to exec cypress:open script
13 verbose stack Error: cypress@1.0.0 cypress:open: `cypress open`
13 verbose stack spawn ENOENT
13 verbose stack     at ChildProcess.<anonymous> (/home/trumde2/.nvm/versions/node/v6.9.1/lib/node_modules/npm/lib/utils/spawn.js:33:16)
13 verbose stack     at emitTwo (events.js:106:13)
13 verbose stack     at ChildProcess.emit (events.js:191:7)
13 verbose stack     at maybeClose (internal/child_process.js:877:16)
13 verbose stack     at Process.ChildProcess._handle.onexit (internal/child_process.js:226:5)
14 verbose pkgid cypress@1.0.0
15 verbose cwd /home/trumde2/git/cypress
16 error Linux 4.4.0-89-generic
17 error argv "/home/trumde2/.nvm/versions/node/v6.9.1/bin/node" "/home/trumde2/.nvm/versions/node/v6.9.1/bin/npm" "run" "cypress:open"
18 error node v6.9.1
19 error npm  v3.10.8
20 error file sh
21 error code ELIFECYCLE
22 error errno ENOENT
23 error syscall spawn
24 error cypress@1.0.0 cypress:open: `cypress open`
24 error spawn ENOENT
25 error Failed at the cypress@1.0.0 cypress:open script 'cypress open'.
25 error Make sure you have the latest version of node.js and npm installed.
25 error If you do, this is most likely a problem with the cypress package,
25 error not with npm itself.
25 error Tell the author that this fails on your system:
25 error     cypress open
25 error You can get information on how to open an issue for this project with:
25 error     npm bugs cypress
25 error Or if that isn't available, you can get their info via:
25 error     npm owner ls cypress
25 error There is likely additional logging output above.
26 verbose exit [ 1, true ]
